# ******************************************************
# PLUTO 4.4 Grid File
# Generated on  Fri Feb 26 17:29:42 2021
# 
# DIMENSIONS: 1
# GEOMETRY:   SPHERICAL
# X1: [ 0.100000,  10000.000000], 200 point(s), 4 ghosts
# ******************************************************
200 
 1   1.000000000000e-01    1.990000000000e-01
 2   1.990000000000e-01    2.980000000000e-01
 3   2.980000000000e-01    3.970000000000e-01
 4   3.970000000000e-01    4.960000000000e-01
 5   4.960000000000e-01    5.950000000000e-01
 6   5.950000000000e-01    6.940000000000e-01
 7   6.940000000000e-01    7.930000000000e-01
 8   7.930000000000e-01    8.920000000000e-01
 9   8.920000000000e-01    9.910000000000e-01
 10   9.910000000000e-01    1.090000000000e+00
 11   1.090000000000e+00    1.189000000000e+00
 12   1.189000000000e+00    1.288000000000e+00
 13   1.288000000000e+00    1.387000000000e+00
 14   1.387000000000e+00    1.486000000000e+00
 15   1.486000000000e+00    1.585000000000e+00
 16   1.585000000000e+00    1.684000000000e+00
 17   1.684000000000e+00    1.783000000000e+00
 18   1.783000000000e+00    1.882000000000e+00
 19   1.882000000000e+00    1.981000000000e+00
 20   1.981000000000e+00    2.080000000000e+00
 21   2.080000000000e+00    2.179000000000e+00
 22   2.179000000000e+00    2.278000000000e+00
 23   2.278000000000e+00    2.377000000000e+00
 24   2.377000000000e+00    2.476000000000e+00
 25   2.476000000000e+00    2.575000000000e+00
 26   2.575000000000e+00    2.674000000000e+00
 27   2.674000000000e+00    2.773000000000e+00
 28   2.773000000000e+00    2.872000000000e+00
 29   2.872000000000e+00    2.971000000000e+00
 30   2.971000000000e+00    3.070000000000e+00
 31   3.070000000000e+00    3.169000000000e+00
 32   3.169000000000e+00    3.268000000000e+00
 33   3.268000000000e+00    3.367000000000e+00
 34   3.367000000000e+00    3.466000000000e+00
 35   3.466000000000e+00    3.565000000000e+00
 36   3.565000000000e+00    3.664000000000e+00
 37   3.664000000000e+00    3.763000000000e+00
 38   3.763000000000e+00    3.862000000000e+00
 39   3.862000000000e+00    3.961000000000e+00
 40   3.961000000000e+00    4.060000000000e+00
 41   4.060000000000e+00    4.159000000000e+00
 42   4.159000000000e+00    4.258000000000e+00
 43   4.258000000000e+00    4.357000000000e+00
 44   4.357000000000e+00    4.456000000000e+00
 45   4.456000000000e+00    4.555000000000e+00
 46   4.555000000000e+00    4.654000000000e+00
 47   4.654000000000e+00    4.753000000000e+00
 48   4.753000000000e+00    4.852000000000e+00
 49   4.852000000000e+00    4.951000000000e+00
 50   4.951000000000e+00    5.050000000000e+00
 51   5.050000000000e+00    5.149000000000e+00
 52   5.149000000000e+00    5.248000000000e+00
 53   5.248000000000e+00    5.347000000000e+00
 54   5.347000000000e+00    5.446000000000e+00
 55   5.446000000000e+00    5.545000000000e+00
 56   5.545000000000e+00    5.644000000000e+00
 57   5.644000000000e+00    5.743000000000e+00
 58   5.743000000000e+00    5.842000000000e+00
 59   5.842000000000e+00    5.941000000000e+00
 60   5.941000000000e+00    6.040000000000e+00
 61   6.040000000000e+00    6.139000000000e+00
 62   6.139000000000e+00    6.238000000000e+00
 63   6.238000000000e+00    6.337000000000e+00
 64   6.337000000000e+00    6.436000000000e+00
 65   6.436000000000e+00    6.535000000000e+00
 66   6.535000000000e+00    6.634000000000e+00
 67   6.634000000000e+00    6.733000000000e+00
 68   6.733000000000e+00    6.832000000000e+00
 69   6.832000000000e+00    6.931000000000e+00
 70   6.931000000000e+00    7.030000000000e+00
 71   7.030000000000e+00    7.129000000000e+00
 72   7.129000000000e+00    7.228000000000e+00
 73   7.228000000000e+00    7.327000000000e+00
 74   7.327000000000e+00    7.426000000000e+00
 75   7.426000000000e+00    7.525000000000e+00
 76   7.525000000000e+00    7.624000000000e+00
 77   7.624000000000e+00    7.723000000000e+00
 78   7.723000000000e+00    7.822000000000e+00
 79   7.822000000000e+00    7.921000000000e+00
 80   7.921000000000e+00    8.020000000000e+00
 81   8.020000000000e+00    8.119000000000e+00
 82   8.119000000000e+00    8.218000000000e+00
 83   8.218000000000e+00    8.317000000000e+00
 84   8.317000000000e+00    8.416000000000e+00
 85   8.416000000000e+00    8.515000000000e+00
 86   8.515000000000e+00    8.614000000000e+00
 87   8.614000000000e+00    8.713000000000e+00
 88   8.713000000000e+00    8.812000000000e+00
 89   8.812000000000e+00    8.911000000000e+00
 90   8.911000000000e+00    9.010000000000e+00
 91   9.010000000000e+00    9.109000000000e+00
 92   9.109000000000e+00    9.208000000000e+00
 93   9.208000000000e+00    9.307000000000e+00
 94   9.307000000000e+00    9.406000000000e+00
 95   9.406000000000e+00    9.505000000000e+00
 96   9.505000000000e+00    9.604000000000e+00
 97   9.604000000000e+00    9.703000000000e+00
 98   9.703000000000e+00    9.802000000000e+00
 99   9.802000000000e+00    9.901000000000e+00
 100   9.901000000000e+00    1.000000000000e+01
 101   1.000000000000e+01    1.071519305238e+01
 102   1.071519305238e+01    1.148153621497e+01
 103   1.148153621497e+01    1.230268770812e+01
 104   1.230268770812e+01    1.318256738556e+01
 105   1.318256738556e+01    1.412537544623e+01
 106   1.412537544623e+01    1.513561248436e+01
 107   1.513561248436e+01    1.621810097359e+01
 108   1.621810097359e+01    1.737800828749e+01
 109   1.737800828749e+01    1.862087136663e+01
 110   1.862087136663e+01    1.995262314969e+01
 111   1.995262314969e+01    2.137962089502e+01
 112   2.137962089502e+01    2.290867652768e+01
 113   2.290867652768e+01    2.454708915685e+01
 114   2.454708915685e+01    2.630267991895e+01
 115   2.630267991895e+01    2.818382931264e+01
 116   2.818382931264e+01    3.019951720402e+01
 117   3.019951720402e+01    3.235936569296e+01
 118   3.235936569296e+01    3.467368504525e+01
 119   3.467368504525e+01    3.715352290972e+01
 120   3.715352290972e+01    3.981071705535e+01
 121   3.981071705535e+01    4.265795188016e+01
 122   4.265795188016e+01    4.570881896149e+01
 123   4.570881896149e+01    4.897788193684e+01
 124   4.897788193684e+01    5.248074602498e+01
 125   5.248074602498e+01    5.623413251903e+01
 126   5.623413251903e+01    6.025595860744e+01
 127   6.025595860744e+01    6.456542290347e+01
 128   6.456542290347e+01    6.918309709189e+01
 129   6.918309709189e+01    7.413102413009e+01
 130   7.413102413009e+01    7.943282347243e+01
 131   7.943282347243e+01    8.511380382024e+01
 132   8.511380382024e+01    9.120108393559e+01
 133   9.120108393559e+01    9.772372209558e+01
 134   9.772372209558e+01    1.047128548051e+02
 135   1.047128548051e+02    1.122018454302e+02
 136   1.122018454302e+02    1.202264434617e+02
 137   1.202264434617e+02    1.288249551693e+02
 138   1.288249551693e+02    1.380384264603e+02
 139   1.380384264603e+02    1.479108388168e+02
 140   1.479108388168e+02    1.584893192461e+02
 141   1.584893192461e+02    1.698243652462e+02
 142   1.698243652462e+02    1.819700858610e+02
 143   1.819700858610e+02    1.949844599758e+02
 144   1.949844599758e+02    2.089296130854e+02
 145   2.089296130854e+02    2.238721138568e+02
 146   2.238721138568e+02    2.398832919019e+02
 147   2.398832919019e+02    2.570395782769e+02
 148   2.570395782769e+02    2.754228703338e+02
 149   2.754228703338e+02    2.951209226666e+02
 150   2.951209226666e+02    3.162277660168e+02
 151   3.162277660168e+02    3.388441561392e+02
 152   3.388441561392e+02    3.630780547701e+02
 153   3.630780547701e+02    3.890451449943e+02
 154   3.890451449943e+02    4.168693834703e+02
 155   4.168693834703e+02    4.466835921510e+02
 156   4.466835921510e+02    4.786300923226e+02
 157   4.786300923226e+02    5.128613839914e+02
 158   5.128613839914e+02    5.495408738576e+02
 159   5.495408738576e+02    5.888436553556e+02
 160   5.888436553556e+02    6.309573444802e+02
 161   6.309573444802e+02    6.760829753920e+02
 162   6.760829753920e+02    7.244359600750e+02
 163   7.244359600750e+02    7.762471166287e+02
 164   7.762471166287e+02    8.317637711027e+02
 165   8.317637711027e+02    8.912509381337e+02
 166   8.912509381337e+02    9.549925860214e+02
 167   9.549925860214e+02    1.023292992281e+03
 168   1.023292992281e+03    1.096478196143e+03
 169   1.096478196143e+03    1.174897554940e+03
 170   1.174897554940e+03    1.258925411794e+03
 171   1.258925411794e+03    1.348962882592e+03
 172   1.348962882592e+03    1.445439770746e+03
 173   1.445439770746e+03    1.548816618912e+03
 174   1.548816618912e+03    1.659586907438e+03
 175   1.659586907438e+03    1.778279410039e+03
 176   1.778279410039e+03    1.905460717963e+03
 177   1.905460717963e+03    2.041737944670e+03
 178   2.041737944670e+03    2.187761623950e+03
 179   2.187761623950e+03    2.344228815320e+03
 180   2.344228815320e+03    2.511886431510e+03
 181   2.511886431510e+03    2.691534803927e+03
 182   2.691534803927e+03    2.884031503127e+03
 183   2.884031503127e+03    3.090295432514e+03
 184   3.090295432514e+03    3.311311214826e+03
 185   3.311311214826e+03    3.548133892336e+03
 186   3.548133892336e+03    3.801893963206e+03
 187   3.801893963206e+03    4.073802778041e+03
 188   4.073802778041e+03    4.365158322402e+03
 189   4.365158322402e+03    4.677351412872e+03
 190   4.677351412872e+03    5.011872336273e+03
 191   5.011872336273e+03    5.370317963703e+03
 192   5.370317963703e+03    5.754399373372e+03
 193   5.754399373372e+03    6.165950018615e+03
 194   6.165950018615e+03    6.606934480076e+03
 195   6.606934480076e+03    7.079457843841e+03
 196   7.079457843841e+03    7.585775750292e+03
 197   7.585775750292e+03    8.128305161641e+03
 198   8.128305161641e+03    8.709635899561e+03
 199   8.709635899561e+03    9.332543007970e+03
 200   9.332543007970e+03    1.000000000000e+04
1 
 1   0.000000000000e+00    3.141592653000e+00
1 
 1   0.000000000000e+00    1.000000000000e+00
