# ******************************************************
# PLUTO 4.4 Grid File
# Generated on  Mon May  3 10:22:25 2021
# 
# DIMENSIONS: 1
# GEOMETRY:   SPHERICAL
# X1: [ 0.500000,  100000.000000], 100 point(s), 4 ghosts
# ******************************************************
100 
 1   5.000000000000e-01    6.900000000000e-01
 2   6.900000000000e-01    8.800000000000e-01
 3   8.800000000000e-01    1.070000000000e+00
 4   1.070000000000e+00    1.260000000000e+00
 5   1.260000000000e+00    1.450000000000e+00
 6   1.450000000000e+00    1.640000000000e+00
 7   1.640000000000e+00    1.830000000000e+00
 8   1.830000000000e+00    2.020000000000e+00
 9   2.020000000000e+00    2.210000000000e+00
 10   2.210000000000e+00    2.400000000000e+00
 11   2.400000000000e+00    2.590000000000e+00
 12   2.590000000000e+00    2.780000000000e+00
 13   2.780000000000e+00    2.970000000000e+00
 14   2.970000000000e+00    3.160000000000e+00
 15   3.160000000000e+00    3.350000000000e+00
 16   3.350000000000e+00    3.540000000000e+00
 17   3.540000000000e+00    3.730000000000e+00
 18   3.730000000000e+00    3.920000000000e+00
 19   3.920000000000e+00    4.110000000000e+00
 20   4.110000000000e+00    4.300000000000e+00
 21   4.300000000000e+00    4.490000000000e+00
 22   4.490000000000e+00    4.680000000000e+00
 23   4.680000000000e+00    4.870000000000e+00
 24   4.870000000000e+00    5.060000000000e+00
 25   5.060000000000e+00    5.250000000000e+00
 26   5.250000000000e+00    5.440000000000e+00
 27   5.440000000000e+00    5.630000000000e+00
 28   5.630000000000e+00    5.820000000000e+00
 29   5.820000000000e+00    6.010000000000e+00
 30   6.010000000000e+00    6.200000000000e+00
 31   6.200000000000e+00    6.390000000000e+00
 32   6.390000000000e+00    6.580000000000e+00
 33   6.580000000000e+00    6.770000000000e+00
 34   6.770000000000e+00    6.960000000000e+00
 35   6.960000000000e+00    7.150000000000e+00
 36   7.150000000000e+00    7.340000000000e+00
 37   7.340000000000e+00    7.530000000000e+00
 38   7.530000000000e+00    7.720000000000e+00
 39   7.720000000000e+00    7.910000000000e+00
 40   7.910000000000e+00    8.100000000000e+00
 41   8.100000000000e+00    8.290000000000e+00
 42   8.290000000000e+00    8.480000000000e+00
 43   8.480000000000e+00    8.670000000000e+00
 44   8.670000000000e+00    8.860000000000e+00
 45   8.860000000000e+00    9.050000000000e+00
 46   9.050000000000e+00    9.240000000000e+00
 47   9.240000000000e+00    9.430000000000e+00
 48   9.430000000000e+00    9.620000000000e+00
 49   9.620000000000e+00    9.810000000000e+00
 50   9.810000000000e+00    1.000000000000e+01
 51   1.000000000000e+01    1.202264434617e+01
 52   1.202264434617e+01    1.445439770746e+01
 53   1.445439770746e+01    1.737800828749e+01
 54   1.737800828749e+01    2.089296130854e+01
 55   2.089296130854e+01    2.511886431510e+01
 56   2.511886431510e+01    3.019951720402e+01
 57   3.019951720402e+01    3.630780547701e+01
 58   3.630780547701e+01    4.365158322402e+01
 59   4.365158322402e+01    5.248074602498e+01
 60   5.248074602498e+01    6.309573444802e+01
 61   6.309573444802e+01    7.585775750292e+01
 62   7.585775750292e+01    9.120108393559e+01
 63   9.120108393559e+01    1.096478196143e+02
 64   1.096478196143e+02    1.318256738556e+02
 65   1.318256738556e+02    1.584893192461e+02
 66   1.584893192461e+02    1.905460717963e+02
 67   1.905460717963e+02    2.290867652768e+02
 68   2.290867652768e+02    2.754228703338e+02
 69   2.754228703338e+02    3.311311214826e+02
 70   3.311311214826e+02    3.981071705535e+02
 71   3.981071705535e+02    4.786300923226e+02
 72   4.786300923226e+02    5.754399373372e+02
 73   5.754399373372e+02    6.918309709189e+02
 74   6.918309709189e+02    8.317637711027e+02
 75   8.317637711027e+02    1.000000000000e+03
 76   1.000000000000e+03    1.202264434617e+03
 77   1.202264434617e+03    1.445439770746e+03
 78   1.445439770746e+03    1.737800828749e+03
 79   1.737800828749e+03    2.089296130854e+03
 80   2.089296130854e+03    2.511886431510e+03
 81   2.511886431510e+03    3.019951720402e+03
 82   3.019951720402e+03    3.630780547701e+03
 83   3.630780547701e+03    4.365158322402e+03
 84   4.365158322402e+03    5.248074602498e+03
 85   5.248074602498e+03    6.309573444802e+03
 86   6.309573444802e+03    7.585775750292e+03
 87   7.585775750292e+03    9.120108393559e+03
 88   9.120108393559e+03    1.096478196143e+04
 89   1.096478196143e+04    1.318256738556e+04
 90   1.318256738556e+04    1.584893192461e+04
 91   1.584893192461e+04    1.905460717963e+04
 92   1.905460717963e+04    2.290867652768e+04
 93   2.290867652768e+04    2.754228703338e+04
 94   2.754228703338e+04    3.311311214826e+04
 95   3.311311214826e+04    3.981071705535e+04
 96   3.981071705535e+04    4.786300923226e+04
 97   4.786300923226e+04    5.754399373372e+04
 98   5.754399373372e+04    6.918309709189e+04
 99   6.918309709189e+04    8.317637711027e+04
 100   8.317637711027e+04    1.000000000000e+05
1 
 1   0.000000000000e+00    3.141592653000e+00
1 
 1   0.000000000000e+00    1.000000000000e+00
