# ******************************************************
# PLUTO 4.4 Grid File
# Generated on  Fri Apr  2 20:45:35 2021
# 
# DIMENSIONS: 1
# GEOMETRY:   SPHERICAL
# X1: [ 0.500000,  10000.000000], 400 point(s), 4 ghosts
# ******************************************************
400 
 1   5.000000000000e-01    5.475000000000e-01
 2   5.475000000000e-01    5.950000000000e-01
 3   5.950000000000e-01    6.425000000000e-01
 4   6.425000000000e-01    6.900000000000e-01
 5   6.900000000000e-01    7.375000000000e-01
 6   7.375000000000e-01    7.850000000000e-01
 7   7.850000000000e-01    8.325000000000e-01
 8   8.325000000000e-01    8.800000000000e-01
 9   8.800000000000e-01    9.275000000000e-01
 10   9.275000000000e-01    9.750000000000e-01
 11   9.750000000000e-01    1.022500000000e+00
 12   1.022500000000e+00    1.070000000000e+00
 13   1.070000000000e+00    1.117500000000e+00
 14   1.117500000000e+00    1.165000000000e+00
 15   1.165000000000e+00    1.212500000000e+00
 16   1.212500000000e+00    1.260000000000e+00
 17   1.260000000000e+00    1.307500000000e+00
 18   1.307500000000e+00    1.355000000000e+00
 19   1.355000000000e+00    1.402500000000e+00
 20   1.402500000000e+00    1.450000000000e+00
 21   1.450000000000e+00    1.497500000000e+00
 22   1.497500000000e+00    1.545000000000e+00
 23   1.545000000000e+00    1.592500000000e+00
 24   1.592500000000e+00    1.640000000000e+00
 25   1.640000000000e+00    1.687500000000e+00
 26   1.687500000000e+00    1.735000000000e+00
 27   1.735000000000e+00    1.782500000000e+00
 28   1.782500000000e+00    1.830000000000e+00
 29   1.830000000000e+00    1.877500000000e+00
 30   1.877500000000e+00    1.925000000000e+00
 31   1.925000000000e+00    1.972500000000e+00
 32   1.972500000000e+00    2.020000000000e+00
 33   2.020000000000e+00    2.067500000000e+00
 34   2.067500000000e+00    2.115000000000e+00
 35   2.115000000000e+00    2.162500000000e+00
 36   2.162500000000e+00    2.210000000000e+00
 37   2.210000000000e+00    2.257500000000e+00
 38   2.257500000000e+00    2.305000000000e+00
 39   2.305000000000e+00    2.352500000000e+00
 40   2.352500000000e+00    2.400000000000e+00
 41   2.400000000000e+00    2.447500000000e+00
 42   2.447500000000e+00    2.495000000000e+00
 43   2.495000000000e+00    2.542500000000e+00
 44   2.542500000000e+00    2.590000000000e+00
 45   2.590000000000e+00    2.637500000000e+00
 46   2.637500000000e+00    2.685000000000e+00
 47   2.685000000000e+00    2.732500000000e+00
 48   2.732500000000e+00    2.780000000000e+00
 49   2.780000000000e+00    2.827500000000e+00
 50   2.827500000000e+00    2.875000000000e+00
 51   2.875000000000e+00    2.922500000000e+00
 52   2.922500000000e+00    2.970000000000e+00
 53   2.970000000000e+00    3.017500000000e+00
 54   3.017500000000e+00    3.065000000000e+00
 55   3.065000000000e+00    3.112500000000e+00
 56   3.112500000000e+00    3.160000000000e+00
 57   3.160000000000e+00    3.207500000000e+00
 58   3.207500000000e+00    3.255000000000e+00
 59   3.255000000000e+00    3.302500000000e+00
 60   3.302500000000e+00    3.350000000000e+00
 61   3.350000000000e+00    3.397500000000e+00
 62   3.397500000000e+00    3.445000000000e+00
 63   3.445000000000e+00    3.492500000000e+00
 64   3.492500000000e+00    3.540000000000e+00
 65   3.540000000000e+00    3.587500000000e+00
 66   3.587500000000e+00    3.635000000000e+00
 67   3.635000000000e+00    3.682500000000e+00
 68   3.682500000000e+00    3.730000000000e+00
 69   3.730000000000e+00    3.777500000000e+00
 70   3.777500000000e+00    3.825000000000e+00
 71   3.825000000000e+00    3.872500000000e+00
 72   3.872500000000e+00    3.920000000000e+00
 73   3.920000000000e+00    3.967500000000e+00
 74   3.967500000000e+00    4.015000000000e+00
 75   4.015000000000e+00    4.062500000000e+00
 76   4.062500000000e+00    4.110000000000e+00
 77   4.110000000000e+00    4.157500000000e+00
 78   4.157500000000e+00    4.205000000000e+00
 79   4.205000000000e+00    4.252500000000e+00
 80   4.252500000000e+00    4.300000000000e+00
 81   4.300000000000e+00    4.347500000000e+00
 82   4.347500000000e+00    4.395000000000e+00
 83   4.395000000000e+00    4.442500000000e+00
 84   4.442500000000e+00    4.490000000000e+00
 85   4.490000000000e+00    4.537500000000e+00
 86   4.537500000000e+00    4.585000000000e+00
 87   4.585000000000e+00    4.632500000000e+00
 88   4.632500000000e+00    4.680000000000e+00
 89   4.680000000000e+00    4.727500000000e+00
 90   4.727500000000e+00    4.775000000000e+00
 91   4.775000000000e+00    4.822500000000e+00
 92   4.822500000000e+00    4.870000000000e+00
 93   4.870000000000e+00    4.917500000000e+00
 94   4.917500000000e+00    4.965000000000e+00
 95   4.965000000000e+00    5.012500000000e+00
 96   5.012500000000e+00    5.060000000000e+00
 97   5.060000000000e+00    5.107500000000e+00
 98   5.107500000000e+00    5.155000000000e+00
 99   5.155000000000e+00    5.202500000000e+00
 100   5.202500000000e+00    5.250000000000e+00
 101   5.250000000000e+00    5.297500000000e+00
 102   5.297500000000e+00    5.345000000000e+00
 103   5.345000000000e+00    5.392500000000e+00
 104   5.392500000000e+00    5.440000000000e+00
 105   5.440000000000e+00    5.487500000000e+00
 106   5.487500000000e+00    5.535000000000e+00
 107   5.535000000000e+00    5.582500000000e+00
 108   5.582500000000e+00    5.630000000000e+00
 109   5.630000000000e+00    5.677500000000e+00
 110   5.677500000000e+00    5.725000000000e+00
 111   5.725000000000e+00    5.772500000000e+00
 112   5.772500000000e+00    5.820000000000e+00
 113   5.820000000000e+00    5.867500000000e+00
 114   5.867500000000e+00    5.915000000000e+00
 115   5.915000000000e+00    5.962500000000e+00
 116   5.962500000000e+00    6.010000000000e+00
 117   6.010000000000e+00    6.057500000000e+00
 118   6.057500000000e+00    6.105000000000e+00
 119   6.105000000000e+00    6.152500000000e+00
 120   6.152500000000e+00    6.200000000000e+00
 121   6.200000000000e+00    6.247500000000e+00
 122   6.247500000000e+00    6.295000000000e+00
 123   6.295000000000e+00    6.342500000000e+00
 124   6.342500000000e+00    6.390000000000e+00
 125   6.390000000000e+00    6.437500000000e+00
 126   6.437500000000e+00    6.485000000000e+00
 127   6.485000000000e+00    6.532500000000e+00
 128   6.532500000000e+00    6.580000000000e+00
 129   6.580000000000e+00    6.627500000000e+00
 130   6.627500000000e+00    6.675000000000e+00
 131   6.675000000000e+00    6.722500000000e+00
 132   6.722500000000e+00    6.770000000000e+00
 133   6.770000000000e+00    6.817500000000e+00
 134   6.817500000000e+00    6.865000000000e+00
 135   6.865000000000e+00    6.912500000000e+00
 136   6.912500000000e+00    6.960000000000e+00
 137   6.960000000000e+00    7.007500000000e+00
 138   7.007500000000e+00    7.055000000000e+00
 139   7.055000000000e+00    7.102500000000e+00
 140   7.102500000000e+00    7.150000000000e+00
 141   7.150000000000e+00    7.197500000000e+00
 142   7.197500000000e+00    7.245000000000e+00
 143   7.245000000000e+00    7.292500000000e+00
 144   7.292500000000e+00    7.340000000000e+00
 145   7.340000000000e+00    7.387500000000e+00
 146   7.387500000000e+00    7.435000000000e+00
 147   7.435000000000e+00    7.482500000000e+00
 148   7.482500000000e+00    7.530000000000e+00
 149   7.530000000000e+00    7.577500000000e+00
 150   7.577500000000e+00    7.625000000000e+00
 151   7.625000000000e+00    7.672500000000e+00
 152   7.672500000000e+00    7.720000000000e+00
 153   7.720000000000e+00    7.767500000000e+00
 154   7.767500000000e+00    7.815000000000e+00
 155   7.815000000000e+00    7.862500000000e+00
 156   7.862500000000e+00    7.910000000000e+00
 157   7.910000000000e+00    7.957500000000e+00
 158   7.957500000000e+00    8.005000000000e+00
 159   8.005000000000e+00    8.052500000000e+00
 160   8.052500000000e+00    8.100000000000e+00
 161   8.100000000000e+00    8.147500000000e+00
 162   8.147500000000e+00    8.195000000000e+00
 163   8.195000000000e+00    8.242500000000e+00
 164   8.242500000000e+00    8.290000000000e+00
 165   8.290000000000e+00    8.337500000000e+00
 166   8.337500000000e+00    8.385000000000e+00
 167   8.385000000000e+00    8.432500000000e+00
 168   8.432500000000e+00    8.480000000000e+00
 169   8.480000000000e+00    8.527500000000e+00
 170   8.527500000000e+00    8.575000000000e+00
 171   8.575000000000e+00    8.622500000000e+00
 172   8.622500000000e+00    8.670000000000e+00
 173   8.670000000000e+00    8.717500000000e+00
 174   8.717500000000e+00    8.765000000000e+00
 175   8.765000000000e+00    8.812500000000e+00
 176   8.812500000000e+00    8.860000000000e+00
 177   8.860000000000e+00    8.907500000000e+00
 178   8.907500000000e+00    8.955000000000e+00
 179   8.955000000000e+00    9.002500000000e+00
 180   9.002500000000e+00    9.050000000000e+00
 181   9.050000000000e+00    9.097500000000e+00
 182   9.097500000000e+00    9.145000000000e+00
 183   9.145000000000e+00    9.192500000000e+00
 184   9.192500000000e+00    9.240000000000e+00
 185   9.240000000000e+00    9.287500000000e+00
 186   9.287500000000e+00    9.335000000000e+00
 187   9.335000000000e+00    9.382500000000e+00
 188   9.382500000000e+00    9.430000000000e+00
 189   9.430000000000e+00    9.477500000000e+00
 190   9.477500000000e+00    9.525000000000e+00
 191   9.525000000000e+00    9.572500000000e+00
 192   9.572500000000e+00    9.620000000000e+00
 193   9.620000000000e+00    9.667500000000e+00
 194   9.667500000000e+00    9.715000000000e+00
 195   9.715000000000e+00    9.762500000000e+00
 196   9.762500000000e+00    9.810000000000e+00
 197   9.810000000000e+00    9.857500000000e+00
 198   9.857500000000e+00    9.905000000000e+00
 199   9.905000000000e+00    9.952500000000e+00
 200   9.952500000000e+00    1.000000000000e+01
 201   1.000000000000e+01    1.035142166679e+01
 202   1.035142166679e+01    1.071519305238e+01
 203   1.071519305238e+01    1.109174815262e+01
 204   1.109174815262e+01    1.148153621497e+01
 205   1.148153621497e+01    1.188502227437e+01
 206   1.188502227437e+01    1.230268770812e+01
 207   1.230268770812e+01    1.273503081017e+01
 208   1.273503081017e+01    1.318256738556e+01
 209   1.318256738556e+01    1.364583136589e+01
 210   1.364583136589e+01    1.412537544623e+01
 211   1.412537544623e+01    1.462177174457e+01
 212   1.462177174457e+01    1.513561248436e+01
 213   1.513561248436e+01    1.566751070108e+01
 214   1.566751070108e+01    1.621810097359e+01
 215   1.621810097359e+01    1.678804018123e+01
 216   1.678804018123e+01    1.737800828749e+01
 217   1.737800828749e+01    1.798870915129e+01
 218   1.798870915129e+01    1.862087136663e+01
 219   1.862087136663e+01    1.927524913191e+01
 220   1.927524913191e+01    1.995262314969e+01
 221   1.995262314969e+01    2.065380155811e+01
 222   2.065380155811e+01    2.137962089502e+01
 223   2.137962089502e+01    2.213094709606e+01
 224   2.213094709606e+01    2.290867652768e+01
 225   2.290867652768e+01    2.371373705662e+01
 226   2.371373705662e+01    2.454708915685e+01
 227   2.454708915685e+01    2.540972705549e+01
 228   2.540972705549e+01    2.630267991895e+01
 229   2.630267991895e+01    2.722701308078e+01
 230   2.722701308078e+01    2.818382931264e+01
 231   2.818382931264e+01    2.917427014001e+01
 232   2.917427014001e+01    3.019951720402e+01
 233   3.019951720402e+01    3.126079367124e+01
 234   3.126079367124e+01    3.235936569296e+01
 235   3.235936569296e+01    3.349654391578e+01
 236   3.349654391578e+01    3.467368504525e+01
 237   3.467368504525e+01    3.589219346450e+01
 238   3.589219346450e+01    3.715352290972e+01
 239   3.715352290972e+01    3.845917820454e+01
 240   3.845917820454e+01    3.981071705535e+01
 241   3.981071705535e+01    4.120975190973e+01
 242   4.120975190973e+01    4.265795188016e+01
 243   4.265795188016e+01    4.415704473533e+01
 244   4.415704473533e+01    4.570881896149e+01
 245   4.570881896149e+01    4.731512589615e+01
 246   4.731512589615e+01    4.897788193684e+01
 247   4.897788193684e+01    5.069907082747e+01
 248   5.069907082747e+01    5.248074602498e+01
 249   5.248074602498e+01    5.432503314924e+01
 250   5.432503314924e+01    5.623413251904e+01
 251   5.623413251904e+01    5.821032177709e+01
 252   5.821032177709e+01    6.025595860744e+01
 253   6.025595860744e+01    6.237348354824e+01
 254   6.237348354824e+01    6.456542290347e+01
 255   6.456542290347e+01    6.683439175686e+01
 256   6.683439175686e+01    6.918309709189e+01
 257   6.918309709189e+01    7.161434102129e+01
 258   7.161434102129e+01    7.413102413009e+01
 259   7.413102413009e+01    7.673614893618e+01
 260   7.673614893618e+01    7.943282347243e+01
 261   7.943282347243e+01    8.222426499471e+01
 262   8.222426499471e+01    8.511380382024e+01
 263   8.511380382024e+01    8.810488730080e+01
 264   8.810488730080e+01    9.120108393559e+01
 265   9.120108393559e+01    9.440608762859e+01
 266   9.440608762859e+01    9.772372209558e+01
 267   9.772372209558e+01    1.011579454260e+02
 268   1.011579454260e+02    1.047128548051e+02
 269   1.047128548051e+02    1.083926914021e+02
 270   1.083926914021e+02    1.122018454302e+02
 271   1.122018454302e+02    1.161448613840e+02
 272   1.161448613840e+02    1.202264434617e+02
 273   1.202264434617e+02    1.244514611771e+02
 274   1.244514611771e+02    1.288249551693e+02
 275   1.288249551693e+02    1.333521432163e+02
 276   1.333521432163e+02    1.380384264603e+02
 277   1.380384264603e+02    1.428893958511e+02
 278   1.428893958511e+02    1.479108388168e+02
 279   1.479108388168e+02    1.531087461682e+02
 280   1.531087461682e+02    1.584893192461e+02
 281   1.584893192461e+02    1.640589773200e+02
 282   1.640589773200e+02    1.698243652462e+02
 283   1.698243652462e+02    1.757923613959e+02
 284   1.757923613959e+02    1.819700858610e+02
 285   1.819700858610e+02    1.883649089490e+02
 286   1.883649089490e+02    1.949844599758e+02
 287   1.949844599758e+02    2.018366363682e+02
 288   2.018366363682e+02    2.089296130854e+02
 289   2.089296130854e+02    2.162718523727e+02
 290   2.162718523727e+02    2.238721138568e+02
 291   2.238721138568e+02    2.317394649968e+02
 292   2.317394649968e+02    2.398832919020e+02
 293   2.398832919020e+02    2.483133105296e+02
 294   2.483133105296e+02    2.570395782769e+02
 295   2.570395782769e+02    2.660725059799e+02
 296   2.660725059799e+02    2.754228703338e+02
 297   2.754228703338e+02    2.851018267504e+02
 298   2.851018267504e+02    2.951209226666e+02
 299   2.951209226666e+02    3.054921113216e+02
 300   3.054921113216e+02    3.162277660168e+02
 301   3.162277660168e+02    3.273406948788e+02
 302   3.273406948788e+02    3.388441561392e+02
 303   3.388441561392e+02    3.507518739526e+02
 304   3.507518739526e+02    3.630780547701e+02
 305   3.630780547701e+02    3.758374042884e+02
 306   3.758374042884e+02    3.890451449943e+02
 307   3.890451449943e+02    4.027170343255e+02
 308   4.027170343255e+02    4.168693834703e+02
 309   4.168693834703e+02    4.315190768278e+02
 310   4.315190768278e+02    4.466835921510e+02
 311   4.466835921510e+02    4.623810213993e+02
 312   4.623810213993e+02    4.786300923226e+02
 313   4.786300923226e+02    4.954501908048e+02
 314   4.954501908048e+02    5.128613839914e+02
 315   5.128613839914e+02    5.308844442310e+02
 316   5.308844442310e+02    5.495408738576e+02
 317   5.495408738576e+02    5.688529308438e+02
 318   5.688529308438e+02    5.888436553556e+02
 319   5.888436553556e+02    6.095368972402e+02
 320   6.095368972402e+02    6.309573444802e+02
 321   6.309573444802e+02    6.531305526475e+02
 322   6.531305526475e+02    6.760829753920e+02
 323   6.760829753920e+02    6.998419960023e+02
 324   6.998419960023e+02    7.244359600750e+02
 325   7.244359600750e+02    7.498942093325e+02
 326   7.498942093325e+02    7.762471166287e+02
 327   7.762471166287e+02    8.035261221856e+02
 328   8.035261221856e+02    8.317637711027e+02
 329   8.317637711027e+02    8.609937521846e+02
 330   8.609937521846e+02    8.912509381338e+02
 331   8.912509381338e+02    9.225714271548e+02
 332   9.225714271548e+02    9.549925860214e+02
 333   9.549925860214e+02    9.885530946569e+02
 334   9.885530946569e+02    1.023292992281e+03
 335   1.023292992281e+03    1.059253725177e+03
 336   1.059253725177e+03    1.096478196143e+03
 337   1.096478196143e+03    1.135010815672e+03
 338   1.135010815672e+03    1.174897554940e+03
 339   1.174897554940e+03    1.216186000646e+03
 340   1.216186000646e+03    1.258925411794e+03
 341   1.258925411794e+03    1.303166778452e+03
 342   1.303166778452e+03    1.348962882592e+03
 343   1.348962882592e+03    1.396368361056e+03
 344   1.396368361056e+03    1.445439770746e+03
 345   1.445439770746e+03    1.496235656094e+03
 346   1.496235656094e+03    1.548816618912e+03
 347   1.548816618912e+03    1.603245390690e+03
 348   1.603245390690e+03    1.659586907438e+03
 349   1.659586907438e+03    1.717908387158e+03
 350   1.717908387158e+03    1.778279410039e+03
 351   1.778279410039e+03    1.840772001469e+03
 352   1.840772001469e+03    1.905460717963e+03
 353   1.905460717963e+03    1.972422736115e+03
 354   1.972422736115e+03    2.041737944670e+03
 355   2.041737944670e+03    2.113489039837e+03
 356   2.113489039837e+03    2.187761623950e+03
 357   2.187761623950e+03    2.264644307593e+03
 358   2.264644307593e+03    2.344228815320e+03
 359   2.344228815320e+03    2.426610095082e+03
 360   2.426610095082e+03    2.511886431510e+03
 361   2.511886431510e+03    2.600159563165e+03
 362   2.600159563165e+03    2.691534803927e+03
 363   2.691534803927e+03    2.786121168630e+03
 364   2.786121168630e+03    2.884031503127e+03
 365   2.884031503127e+03    2.985382618918e+03
 366   2.985382618918e+03    3.090295432514e+03
 367   3.090295432514e+03    3.198895109691e+03
 368   3.198895109691e+03    3.311311214826e+03
 369   3.311311214826e+03    3.427677865465e+03
 370   3.427677865465e+03    3.548133892336e+03
 371   3.548133892336e+03    3.672823004981e+03
 372   3.672823004981e+03    3.801893963206e+03
 373   3.801893963206e+03    3.935500754558e+03
 374   3.935500754558e+03    4.073802778041e+03
 375   4.073802778041e+03    4.216965034286e+03
 376   4.216965034286e+03    4.365158322402e+03
 377   4.365158322402e+03    4.518559443749e+03
 378   4.518559443749e+03    4.677351412872e+03
 379   4.677351412872e+03    4.841723675841e+03
 380   4.841723675841e+03    5.011872336273e+03
 381   5.011872336273e+03    5.188000389290e+03
 382   5.188000389290e+03    5.370317963703e+03
 383   5.370317963703e+03    5.559042572704e+03
 384   5.559042572704e+03    5.754399373372e+03
 385   5.754399373372e+03    5.956621435290e+03
 386   5.956621435290e+03    6.165950018615e+03
 387   6.165950018615e+03    6.382634861906e+03
 388   6.382634861906e+03    6.606934480076e+03
 389   6.606934480076e+03    6.839116472814e+03
 390   6.839116472814e+03    7.079457843841e+03
 391   7.079457843841e+03    7.328245331389e+03
 392   7.328245331389e+03    7.585775750292e+03
 393   7.585775750292e+03    7.852356346101e+03
 394   7.852356346101e+03    8.128305161641e+03
 395   8.128305161641e+03    8.413951416452e+03
 396   8.413951416452e+03    8.709635899561e+03
 397   8.709635899561e+03    9.015711376060e+03
 398   9.015711376060e+03    9.332543007970e+03
 399   9.332543007970e+03    9.660508789898e+03
 400   9.660508789898e+03    1.000000000000e+04
1 
 1   0.000000000000e+00    3.141592653000e+00
1 
 1   0.000000000000e+00    1.000000000000e+00
