# ******************************************************
# PLUTO 4.4 Grid File
# Generated on  Wed Jul 28 05:50:34 2021
# 
# DIMENSIONS: 2
# GEOMETRY:   SPHERICAL
# X1: [ 0.500000,  100000.000000], 200 point(s), 3 ghosts
# X2: [ 0.000000,  3.141593], 50 point(s), 3 ghosts
# ******************************************************
200 
 1   5.000000000000e-01    5.950000000000e-01
 2   5.950000000000e-01    6.900000000000e-01
 3   6.900000000000e-01    7.850000000000e-01
 4   7.850000000000e-01    8.800000000000e-01
 5   8.800000000000e-01    9.750000000000e-01
 6   9.750000000000e-01    1.070000000000e+00
 7   1.070000000000e+00    1.165000000000e+00
 8   1.165000000000e+00    1.260000000000e+00
 9   1.260000000000e+00    1.355000000000e+00
 10   1.355000000000e+00    1.450000000000e+00
 11   1.450000000000e+00    1.545000000000e+00
 12   1.545000000000e+00    1.640000000000e+00
 13   1.640000000000e+00    1.735000000000e+00
 14   1.735000000000e+00    1.830000000000e+00
 15   1.830000000000e+00    1.925000000000e+00
 16   1.925000000000e+00    2.020000000000e+00
 17   2.020000000000e+00    2.115000000000e+00
 18   2.115000000000e+00    2.210000000000e+00
 19   2.210000000000e+00    2.305000000000e+00
 20   2.305000000000e+00    2.400000000000e+00
 21   2.400000000000e+00    2.495000000000e+00
 22   2.495000000000e+00    2.590000000000e+00
 23   2.590000000000e+00    2.685000000000e+00
 24   2.685000000000e+00    2.780000000000e+00
 25   2.780000000000e+00    2.875000000000e+00
 26   2.875000000000e+00    2.970000000000e+00
 27   2.970000000000e+00    3.065000000000e+00
 28   3.065000000000e+00    3.160000000000e+00
 29   3.160000000000e+00    3.255000000000e+00
 30   3.255000000000e+00    3.350000000000e+00
 31   3.350000000000e+00    3.445000000000e+00
 32   3.445000000000e+00    3.540000000000e+00
 33   3.540000000000e+00    3.635000000000e+00
 34   3.635000000000e+00    3.730000000000e+00
 35   3.730000000000e+00    3.825000000000e+00
 36   3.825000000000e+00    3.920000000000e+00
 37   3.920000000000e+00    4.015000000000e+00
 38   4.015000000000e+00    4.110000000000e+00
 39   4.110000000000e+00    4.205000000000e+00
 40   4.205000000000e+00    4.300000000000e+00
 41   4.300000000000e+00    4.395000000000e+00
 42   4.395000000000e+00    4.490000000000e+00
 43   4.490000000000e+00    4.585000000000e+00
 44   4.585000000000e+00    4.680000000000e+00
 45   4.680000000000e+00    4.775000000000e+00
 46   4.775000000000e+00    4.870000000000e+00
 47   4.870000000000e+00    4.965000000000e+00
 48   4.965000000000e+00    5.060000000000e+00
 49   5.060000000000e+00    5.155000000000e+00
 50   5.155000000000e+00    5.250000000000e+00
 51   5.250000000000e+00    5.345000000000e+00
 52   5.345000000000e+00    5.440000000000e+00
 53   5.440000000000e+00    5.535000000000e+00
 54   5.535000000000e+00    5.630000000000e+00
 55   5.630000000000e+00    5.725000000000e+00
 56   5.725000000000e+00    5.820000000000e+00
 57   5.820000000000e+00    5.915000000000e+00
 58   5.915000000000e+00    6.010000000000e+00
 59   6.010000000000e+00    6.105000000000e+00
 60   6.105000000000e+00    6.200000000000e+00
 61   6.200000000000e+00    6.295000000000e+00
 62   6.295000000000e+00    6.390000000000e+00
 63   6.390000000000e+00    6.485000000000e+00
 64   6.485000000000e+00    6.580000000000e+00
 65   6.580000000000e+00    6.675000000000e+00
 66   6.675000000000e+00    6.770000000000e+00
 67   6.770000000000e+00    6.865000000000e+00
 68   6.865000000000e+00    6.960000000000e+00
 69   6.960000000000e+00    7.055000000000e+00
 70   7.055000000000e+00    7.150000000000e+00
 71   7.150000000000e+00    7.245000000000e+00
 72   7.245000000000e+00    7.340000000000e+00
 73   7.340000000000e+00    7.435000000000e+00
 74   7.435000000000e+00    7.530000000000e+00
 75   7.530000000000e+00    7.625000000000e+00
 76   7.625000000000e+00    7.720000000000e+00
 77   7.720000000000e+00    7.815000000000e+00
 78   7.815000000000e+00    7.910000000000e+00
 79   7.910000000000e+00    8.005000000000e+00
 80   8.005000000000e+00    8.100000000000e+00
 81   8.100000000000e+00    8.195000000000e+00
 82   8.195000000000e+00    8.290000000000e+00
 83   8.290000000000e+00    8.385000000000e+00
 84   8.385000000000e+00    8.480000000000e+00
 85   8.480000000000e+00    8.575000000000e+00
 86   8.575000000000e+00    8.670000000000e+00
 87   8.670000000000e+00    8.765000000000e+00
 88   8.765000000000e+00    8.860000000000e+00
 89   8.860000000000e+00    8.955000000000e+00
 90   8.955000000000e+00    9.050000000000e+00
 91   9.050000000000e+00    9.145000000000e+00
 92   9.145000000000e+00    9.240000000000e+00
 93   9.240000000000e+00    9.335000000000e+00
 94   9.335000000000e+00    9.430000000000e+00
 95   9.430000000000e+00    9.525000000000e+00
 96   9.525000000000e+00    9.620000000000e+00
 97   9.620000000000e+00    9.715000000000e+00
 98   9.715000000000e+00    9.810000000000e+00
 99   9.810000000000e+00    9.905000000000e+00
 100   9.905000000000e+00    1.000000000000e+01
 101   1.000000000000e+01    1.096478196143e+01
 102   1.096478196143e+01    1.202264434617e+01
 103   1.202264434617e+01    1.318256738556e+01
 104   1.318256738556e+01    1.445439770746e+01
 105   1.445439770746e+01    1.584893192461e+01
 106   1.584893192461e+01    1.737800828749e+01
 107   1.737800828749e+01    1.905460717963e+01
 108   1.905460717963e+01    2.089296130854e+01
 109   2.089296130854e+01    2.290867652768e+01
 110   2.290867652768e+01    2.511886431510e+01
 111   2.511886431510e+01    2.754228703338e+01
 112   2.754228703338e+01    3.019951720402e+01
 113   3.019951720402e+01    3.311311214826e+01
 114   3.311311214826e+01    3.630780547701e+01
 115   3.630780547701e+01    3.981071705535e+01
 116   3.981071705535e+01    4.365158322402e+01
 117   4.365158322402e+01    4.786300923226e+01
 118   4.786300923226e+01    5.248074602498e+01
 119   5.248074602498e+01    5.754399373372e+01
 120   5.754399373372e+01    6.309573444802e+01
 121   6.309573444802e+01    6.918309709189e+01
 122   6.918309709189e+01    7.585775750292e+01
 123   7.585775750292e+01    8.317637711027e+01
 124   8.317637711027e+01    9.120108393559e+01
 125   9.120108393559e+01    1.000000000000e+02
 126   1.000000000000e+02    1.096478196143e+02
 127   1.096478196143e+02    1.202264434617e+02
 128   1.202264434617e+02    1.318256738556e+02
 129   1.318256738556e+02    1.445439770746e+02
 130   1.445439770746e+02    1.584893192461e+02
 131   1.584893192461e+02    1.737800828749e+02
 132   1.737800828749e+02    1.905460717963e+02
 133   1.905460717963e+02    2.089296130854e+02
 134   2.089296130854e+02    2.290867652768e+02
 135   2.290867652768e+02    2.511886431510e+02
 136   2.511886431510e+02    2.754228703338e+02
 137   2.754228703338e+02    3.019951720402e+02
 138   3.019951720402e+02    3.311311214826e+02
 139   3.311311214826e+02    3.630780547701e+02
 140   3.630780547701e+02    3.981071705535e+02
 141   3.981071705535e+02    4.365158322402e+02
 142   4.365158322402e+02    4.786300923226e+02
 143   4.786300923226e+02    5.248074602498e+02
 144   5.248074602498e+02    5.754399373372e+02
 145   5.754399373372e+02    6.309573444802e+02
 146   6.309573444802e+02    6.918309709189e+02
 147   6.918309709189e+02    7.585775750292e+02
 148   7.585775750292e+02    8.317637711027e+02
 149   8.317637711027e+02    9.120108393559e+02
 150   9.120108393559e+02    1.000000000000e+03
 151   1.000000000000e+03    1.096478196143e+03
 152   1.096478196143e+03    1.202264434617e+03
 153   1.202264434617e+03    1.318256738556e+03
 154   1.318256738556e+03    1.445439770746e+03
 155   1.445439770746e+03    1.584893192461e+03
 156   1.584893192461e+03    1.737800828749e+03
 157   1.737800828749e+03    1.905460717963e+03
 158   1.905460717963e+03    2.089296130854e+03
 159   2.089296130854e+03    2.290867652768e+03
 160   2.290867652768e+03    2.511886431510e+03
 161   2.511886431510e+03    2.754228703338e+03
 162   2.754228703338e+03    3.019951720402e+03
 163   3.019951720402e+03    3.311311214826e+03
 164   3.311311214826e+03    3.630780547701e+03
 165   3.630780547701e+03    3.981071705535e+03
 166   3.981071705535e+03    4.365158322402e+03
 167   4.365158322402e+03    4.786300923226e+03
 168   4.786300923226e+03    5.248074602498e+03
 169   5.248074602498e+03    5.754399373372e+03
 170   5.754399373372e+03    6.309573444802e+03
 171   6.309573444802e+03    6.918309709189e+03
 172   6.918309709189e+03    7.585775750292e+03
 173   7.585775750292e+03    8.317637711027e+03
 174   8.317637711027e+03    9.120108393559e+03
 175   9.120108393559e+03    1.000000000000e+04
 176   1.000000000000e+04    1.096478196143e+04
 177   1.096478196143e+04    1.202264434617e+04
 178   1.202264434617e+04    1.318256738556e+04
 179   1.318256738556e+04    1.445439770746e+04
 180   1.445439770746e+04    1.584893192461e+04
 181   1.584893192461e+04    1.737800828749e+04
 182   1.737800828749e+04    1.905460717963e+04
 183   1.905460717963e+04    2.089296130854e+04
 184   2.089296130854e+04    2.290867652768e+04
 185   2.290867652768e+04    2.511886431510e+04
 186   2.511886431510e+04    2.754228703338e+04
 187   2.754228703338e+04    3.019951720402e+04
 188   3.019951720402e+04    3.311311214826e+04
 189   3.311311214826e+04    3.630780547701e+04
 190   3.630780547701e+04    3.981071705535e+04
 191   3.981071705535e+04    4.365158322402e+04
 192   4.365158322402e+04    4.786300923226e+04
 193   4.786300923226e+04    5.248074602498e+04
 194   5.248074602498e+04    5.754399373372e+04
 195   5.754399373372e+04    6.309573444802e+04
 196   6.309573444802e+04    6.918309709189e+04
 197   6.918309709189e+04    7.585775750292e+04
 198   7.585775750292e+04    8.317637711027e+04
 199   8.317637711027e+04    9.120108393559e+04
 200   9.120108393559e+04    1.000000000000e+05
50 
 1   0.000000000000e+00    6.283185306000e-02
 2   6.283185306000e-02    1.256637061200e-01
 3   1.256637061200e-01    1.884955591800e-01
 4   1.884955591800e-01    2.513274122400e-01
 5   2.513274122400e-01    3.141592653000e-01
 6   3.141592653000e-01    3.769911183600e-01
 7   3.769911183600e-01    4.398229714200e-01
 8   4.398229714200e-01    5.026548244800e-01
 9   5.026548244800e-01    5.654866775400e-01
 10   5.654866775400e-01    6.283185306000e-01
 11   6.283185306000e-01    6.911503836600e-01
 12   6.911503836600e-01    7.539822367200e-01
 13   7.539822367200e-01    8.168140897800e-01
 14   8.168140897800e-01    8.796459428400e-01
 15   8.796459428400e-01    9.424777959000e-01
 16   9.424777959000e-01    1.005309648960e+00
 17   1.005309648960e+00    1.068141502020e+00
 18   1.068141502020e+00    1.130973355080e+00
 19   1.130973355080e+00    1.193805208140e+00
 20   1.193805208140e+00    1.256637061200e+00
 21   1.256637061200e+00    1.319468914260e+00
 22   1.319468914260e+00    1.382300767320e+00
 23   1.382300767320e+00    1.445132620380e+00
 24   1.445132620380e+00    1.507964473440e+00
 25   1.507964473440e+00    1.570796326500e+00
 26   1.570796326500e+00    1.633628179560e+00
 27   1.633628179560e+00    1.696460032620e+00
 28   1.696460032620e+00    1.759291885680e+00
 29   1.759291885680e+00    1.822123738740e+00
 30   1.822123738740e+00    1.884955591800e+00
 31   1.884955591800e+00    1.947787444860e+00
 32   1.947787444860e+00    2.010619297920e+00
 33   2.010619297920e+00    2.073451150980e+00
 34   2.073451150980e+00    2.136283004040e+00
 35   2.136283004040e+00    2.199114857100e+00
 36   2.199114857100e+00    2.261946710160e+00
 37   2.261946710160e+00    2.324778563220e+00
 38   2.324778563220e+00    2.387610416280e+00
 39   2.387610416280e+00    2.450442269340e+00
 40   2.450442269340e+00    2.513274122400e+00
 41   2.513274122400e+00    2.576105975460e+00
 42   2.576105975460e+00    2.638937828520e+00
 43   2.638937828520e+00    2.701769681580e+00
 44   2.701769681580e+00    2.764601534640e+00
 45   2.764601534640e+00    2.827433387700e+00
 46   2.827433387700e+00    2.890265240760e+00
 47   2.890265240760e+00    2.953097093820e+00
 48   2.953097093820e+00    3.015928946880e+00
 49   3.015928946880e+00    3.078760799940e+00
 50   3.078760799940e+00    3.141592653000e+00
1 
 1   0.000000000000e+00    6.283185306000e+00
