# ******************************************************
# PLUTO 4.4 Grid File
# Generated on  Tue Apr  6 19:31:00 2021
# 
# DIMENSIONS: 2
# GEOMETRY:   SPHERICAL
# X1: [ 0.500000,  10000.000000], 100 point(s), 3 ghosts
# X2: [ 0.000000,  3.141593], 25 point(s), 3 ghosts
# ******************************************************
100 
 1   5.000000000000e-01    6.900000000000e-01
 2   6.900000000000e-01    8.800000000000e-01
 3   8.800000000000e-01    1.070000000000e+00
 4   1.070000000000e+00    1.260000000000e+00
 5   1.260000000000e+00    1.450000000000e+00
 6   1.450000000000e+00    1.640000000000e+00
 7   1.640000000000e+00    1.830000000000e+00
 8   1.830000000000e+00    2.020000000000e+00
 9   2.020000000000e+00    2.210000000000e+00
 10   2.210000000000e+00    2.400000000000e+00
 11   2.400000000000e+00    2.590000000000e+00
 12   2.590000000000e+00    2.780000000000e+00
 13   2.780000000000e+00    2.970000000000e+00
 14   2.970000000000e+00    3.160000000000e+00
 15   3.160000000000e+00    3.350000000000e+00
 16   3.350000000000e+00    3.540000000000e+00
 17   3.540000000000e+00    3.730000000000e+00
 18   3.730000000000e+00    3.920000000000e+00
 19   3.920000000000e+00    4.110000000000e+00
 20   4.110000000000e+00    4.300000000000e+00
 21   4.300000000000e+00    4.490000000000e+00
 22   4.490000000000e+00    4.680000000000e+00
 23   4.680000000000e+00    4.870000000000e+00
 24   4.870000000000e+00    5.060000000000e+00
 25   5.060000000000e+00    5.250000000000e+00
 26   5.250000000000e+00    5.440000000000e+00
 27   5.440000000000e+00    5.630000000000e+00
 28   5.630000000000e+00    5.820000000000e+00
 29   5.820000000000e+00    6.010000000000e+00
 30   6.010000000000e+00    6.200000000000e+00
 31   6.200000000000e+00    6.390000000000e+00
 32   6.390000000000e+00    6.580000000000e+00
 33   6.580000000000e+00    6.770000000000e+00
 34   6.770000000000e+00    6.960000000000e+00
 35   6.960000000000e+00    7.150000000000e+00
 36   7.150000000000e+00    7.340000000000e+00
 37   7.340000000000e+00    7.530000000000e+00
 38   7.530000000000e+00    7.720000000000e+00
 39   7.720000000000e+00    7.910000000000e+00
 40   7.910000000000e+00    8.100000000000e+00
 41   8.100000000000e+00    8.290000000000e+00
 42   8.290000000000e+00    8.480000000000e+00
 43   8.480000000000e+00    8.670000000000e+00
 44   8.670000000000e+00    8.860000000000e+00
 45   8.860000000000e+00    9.050000000000e+00
 46   9.050000000000e+00    9.240000000000e+00
 47   9.240000000000e+00    9.430000000000e+00
 48   9.430000000000e+00    9.620000000000e+00
 49   9.620000000000e+00    9.810000000000e+00
 50   9.810000000000e+00    1.000000000000e+01
 51   1.000000000000e+01    1.148153621497e+01
 52   1.148153621497e+01    1.318256738556e+01
 53   1.318256738556e+01    1.513561248436e+01
 54   1.513561248436e+01    1.737800828749e+01
 55   1.737800828749e+01    1.995262314969e+01
 56   1.995262314969e+01    2.290867652768e+01
 57   2.290867652768e+01    2.630267991895e+01
 58   2.630267991895e+01    3.019951720402e+01
 59   3.019951720402e+01    3.467368504525e+01
 60   3.467368504525e+01    3.981071705535e+01
 61   3.981071705535e+01    4.570881896149e+01
 62   4.570881896149e+01    5.248074602498e+01
 63   5.248074602498e+01    6.025595860744e+01
 64   6.025595860744e+01    6.918309709189e+01
 65   6.918309709189e+01    7.943282347243e+01
 66   7.943282347243e+01    9.120108393559e+01
 67   9.120108393559e+01    1.047128548051e+02
 68   1.047128548051e+02    1.202264434617e+02
 69   1.202264434617e+02    1.380384264603e+02
 70   1.380384264603e+02    1.584893192461e+02
 71   1.584893192461e+02    1.819700858610e+02
 72   1.819700858610e+02    2.089296130854e+02
 73   2.089296130854e+02    2.398832919019e+02
 74   2.398832919019e+02    2.754228703338e+02
 75   2.754228703338e+02    3.162277660168e+02
 76   3.162277660168e+02    3.630780547701e+02
 77   3.630780547701e+02    4.168693834703e+02
 78   4.168693834703e+02    4.786300923226e+02
 79   4.786300923226e+02    5.495408738576e+02
 80   5.495408738576e+02    6.309573444802e+02
 81   6.309573444802e+02    7.244359600750e+02
 82   7.244359600750e+02    8.317637711027e+02
 83   8.317637711027e+02    9.549925860214e+02
 84   9.549925860214e+02    1.096478196143e+03
 85   1.096478196143e+03    1.258925411794e+03
 86   1.258925411794e+03    1.445439770746e+03
 87   1.445439770746e+03    1.659586907438e+03
 88   1.659586907438e+03    1.905460717963e+03
 89   1.905460717963e+03    2.187761623950e+03
 90   2.187761623950e+03    2.511886431510e+03
 91   2.511886431510e+03    2.884031503127e+03
 92   2.884031503127e+03    3.311311214826e+03
 93   3.311311214826e+03    3.801893963206e+03
 94   3.801893963206e+03    4.365158322402e+03
 95   4.365158322402e+03    5.011872336273e+03
 96   5.011872336273e+03    5.754399373372e+03
 97   5.754399373372e+03    6.606934480076e+03
 98   6.606934480076e+03    7.585775750292e+03
 99   7.585775750292e+03    8.709635899561e+03
 100   8.709635899561e+03    1.000000000000e+04
25 
 1   0.000000000000e+00    1.256637061200e-01
 2   1.256637061200e-01    2.513274122400e-01
 3   2.513274122400e-01    3.769911183600e-01
 4   3.769911183600e-01    5.026548244800e-01
 5   5.026548244800e-01    6.283185306000e-01
 6   6.283185306000e-01    7.539822367200e-01
 7   7.539822367200e-01    8.796459428400e-01
 8   8.796459428400e-01    1.005309648960e+00
 9   1.005309648960e+00    1.130973355080e+00
 10   1.130973355080e+00    1.256637061200e+00
 11   1.256637061200e+00    1.382300767320e+00
 12   1.382300767320e+00    1.507964473440e+00
 13   1.507964473440e+00    1.633628179560e+00
 14   1.633628179560e+00    1.759291885680e+00
 15   1.759291885680e+00    1.884955591800e+00
 16   1.884955591800e+00    2.010619297920e+00
 17   2.010619297920e+00    2.136283004040e+00
 18   2.136283004040e+00    2.261946710160e+00
 19   2.261946710160e+00    2.387610416280e+00
 20   2.387610416280e+00    2.513274122400e+00
 21   2.513274122400e+00    2.638937828520e+00
 22   2.638937828520e+00    2.764601534640e+00
 23   2.764601534640e+00    2.890265240760e+00
 24   2.890265240760e+00    3.015928946880e+00
 25   3.015928946880e+00    3.141592653000e+00
1 
 1   0.000000000000e+00    1.000000000000e+00
